{
  "stats": {
    "suites": 1,
    "tests": 1,
    "passes": 0,
    "pending": 0,
    "failures": 1,
    "start": "2019-07-15T11:18:45.343Z",
    "end": "2019-07-15T11:18:53.119Z",
    "duration": 7776,
    "testsRegistered": 1,
    "passPercent": 0,
    "pendingPercent": 0,
    "other": 0,
    "hasOther": false,
    "skipped": 0,
    "hasSkipped": false,
    "passPercentClass": "danger",
    "pendingPercentClass": "danger"
  },
  "suites": {
    "uuid": "ae40177e-0846-4b6b-b359-1e68a8dd8e98",
    "title": "",
    "fullFile": "",
    "file": "",
    "beforeHooks": [],
    "afterHooks": [],
    "tests": [],
    "suites": [
      {
        "uuid": "49e4ae0f-af3b-4b3d-87d7-21a12ff06a90",
        "title": "Cypress Tidbits File upload Actions",
        "fullFile": "",
        "file": "",
        "beforeHooks": [],
        "afterHooks": [],
        "tests": [
          {
            "title": "File upload demo",
            "fullTitle": "Cypress Tidbits File upload Actions File upload demo",
            "duration": 6151,
            "state": "failed",
            "pass": false,
            "fail": true,
            "pending": false,
            "code": "cy.fixture(\"FileUpload.PNG\", \"base64\").then(function (fileContent) {\n  cy.get(\"#fine-uploader-s3 > .qq-uploader-selector > .qq-upload-button-selector > input\").upload({\n    fileContent: fileContent,\n    fileName: \"FileUpload.PNG\",\n    mimeType: \"image/png\",\n    encoding: \"utf-8\"\n  }, {\n    subjectType: \"drag-n-drop\"\n  });\n});",
            "err": {
              "message": "CypressError: Timed out retrying: cy.trigger() failed because the center of this element is hidden from view:\n\n<input qq-button-id=\"11290c4e-db63-48a9-92cf-1330b592b44a\" title=\"file input\" multiple=\"\" type=\"file\" name=\"qqfile\" style=\"position: absolute; right: 0px; top: 0px; font-family: Arial; font-size: 118px; margin: 0px; padding: 0px; cursor: pointer; opacity: 0; height: 100%;\">\n\nFix this problem, or use {force: true} to disable error checking.\n\nhttps://on.cypress.io/element-cannot-be-interacted-with",
              "estack": "CypressError: Timed out retrying: cy.trigger() failed because the center of this element is hidden from view:\n\n<input qq-button-id=\"11290c4e-db63-48a9-92cf-1330b592b44a\" title=\"file input\" multiple=\"\" type=\"file\" name=\"qqfile\" style=\"position: absolute; right: 0px; top: 0px; font-family: Arial; font-size: 118px; margin: 0px; padding: 0px; cursor: pointer; opacity: 0; height: 100%;\">\n\nFix this problem, or use {force: true} to disable error checking.\n\nhttps://on.cypress.io/element-cannot-be-interacted-with\n    at Object.cypressErr (https://fineuploader.com/__cypress/runner/cypress_runner.js:84573:11)\n    at Object.throwErr (https://fineuploader.com/__cypress/runner/cypress_runner.js:84538:18)\n    at Object.throwErrByPath (https://fineuploader.com/__cypress/runner/cypress_runner.js:84565:17)\n    at Object.retry (https://fineuploader.com/__cypress/runner/cypress_runner.js:77812:16)\n    at retryActionability (https://fineuploader.com/__cypress/runner/cypress_runner.js:69434:19)\n    at tryCatcher (https://fineuploader.com/__cypress/runner/cypress_runner.js:133768:23)\n    at Function.Promise.attempt.Promise.try (https://fineuploader.com/__cypress/runner/cypress_runner.js:131142:29)\n    at tryFn (https://fineuploader.com/__cypress/runner/cypress_runner.js:78201:24)\n    at whenStable (https://fineuploader.com/__cypress/runner/cypress_runner.js:78229:12)\n    at https://fineuploader.com/__cypress/runner/cypress_runner.js:77836:16\n    at tryCatcher (https://fineuploader.com/__cypress/runner/cypress_runner.js:133768:23)\n    at Promise._settlePromiseFromHandler (https://fineuploader.com/__cypress/runner/cypress_runner.js:131786:31)\n    at Promise._settlePromise (https://fineuploader.com/__cypress/runner/cypress_runner.js:131843:18)\n    at Promise._settlePromise0 (https://fineuploader.com/__cypress/runner/cypress_runner.js:131888:10)\n    at Promise._settlePromises (https://fineuploader.com/__cypress/runner/cypress_runner.js:131967:18)\n    at Promise._fulfill (https://fineuploader.com/__cypress/runner/cypress_runner.js:131912:18)"
            },
            "isRoot": false,
            "uuid": "ec2151d4-63bc-4d07-b4c5-8f5f0bc3459f",
            "isHook": false,
            "skipped": false
          }
        ],
        "suites": [],
        "passes": [],
        "failures": [
          "ec2151d4-63bc-4d07-b4c5-8f5f0bc3459f"
        ],
        "pending": [],
        "skipped": [],
        "duration": 6151,
        "root": false,
        "rootEmpty": false,
        "_timeout": 2000
      }
    ],
    "passes": [],
    "failures": [],
    "pending": [],
    "skipped": [],
    "duration": 0,
    "root": true,
    "rootEmpty": true,
    "_timeout": 2000
  },
  "copyrightYear": 2019
}