{
  "stats": {
    "suites": 1,
    "tests": 1,
    "passes": 1,
    "pending": 0,
    "failures": 0,
    "start": "2019-07-15T11:17:53.307Z",
    "end": "2019-07-15T11:17:56.433Z",
    "duration": 3126,
    "testsRegistered": 1,
    "passPercent": 100,
    "pendingPercent": 0,
    "other": 0,
    "hasOther": false,
    "skipped": 0,
    "hasSkipped": false,
    "passPercentClass": "success",
    "pendingPercentClass": "danger"
  },
  "suites": {
    "uuid": "9e7b4484-d6ce-4871-914f-1f43936fdba6",
    "title": "",
    "fullFile": "",
    "file": "",
    "beforeHooks": [],
    "afterHooks": [],
    "tests": [],
    "suites": [
      {
        "uuid": "d961b2fe-221d-49dd-a290-4432604755bc",
        "title": "Handle alerts and popups with Cypress",
        "fullFile": "",
        "file": "",
        "beforeHooks": [],
        "afterHooks": [],
        "tests": [
          {
            "title": "Perform login and handle alerts",
            "fullTitle": "Handle alerts and popups with Cypress Perform login and handle alerts",
            "duration": 1674,
            "state": "passed",
            "speed": "slow",
            "pass": true,
            "fail": false,
            "pending": false,
            "code": "cy.get(\"[name='UserName']\").type(\"admin\");\ncy.get(\"[name='Password']\").type(\"password\");\ncy.get(\":nth-child(3) > input\").click(); // Causes the alert to pop up, which automatically generates the window:confirm event\ncy.get(\"[name='generate']\").click();\ndebugger; // Handles that event and trigger an OK (return true) or Cancel (return false)\ncy.on(\"window:confirm\", function (str) {\n  expect(str).to.eq(\"You generated a Javascript alert\"); // return false\n  return true;\n});",
            "err": {},
            "isRoot": false,
            "uuid": "adc4b4dc-a99a-4c34-92d9-575284b8cf00",
            "isHook": false,
            "skipped": false
          }
        ],
        "suites": [],
        "passes": [
          "adc4b4dc-a99a-4c34-92d9-575284b8cf00"
        ],
        "failures": [],
        "pending": [],
        "skipped": [],
        "duration": 1674,
        "root": false,
        "rootEmpty": false,
        "_timeout": 2000
      }
    ],
    "passes": [],
    "failures": [],
    "pending": [],
    "skipped": [],
    "duration": 0,
    "root": true,
    "rootEmpty": true,
    "_timeout": 2000
  },
  "copyrightYear": 2019
}