{
  "stats": {
    "suites": 1,
    "tests": 1,
    "passes": 0,
    "pending": 0,
    "failures": 1,
    "start": "2019-07-15T11:18:12.409Z",
    "end": "2019-07-15T11:18:12.722Z",
    "duration": 313,
    "testsRegistered": 1,
    "passPercent": 0,
    "pendingPercent": 0,
    "other": 0,
    "hasOther": false,
    "skipped": 0,
    "hasSkipped": false,
    "passPercentClass": "danger",
    "pendingPercentClass": "danger"
  },
  "suites": {
    "uuid": "d43a14bb-3756-444e-8fd7-8f6f96b4154f",
    "title": "",
    "fullFile": "",
    "file": "",
    "beforeHooks": [],
    "afterHooks": [],
    "tests": [],
    "suites": [
      {
        "uuid": "e66f1bb2-1b75-42b3-96d2-62ac2fa8f6ba",
        "title": "The Facebook",
        "fullFile": "",
        "file": "",
        "beforeHooks": [],
        "afterHooks": [],
        "tests": [
          {
            "title": "Opening a social network page",
            "fullTitle": "The Facebook Opening a social network page",
            "duration": 281,
            "state": "failed",
            "pass": false,
            "fail": true,
            "pending": false,
            "code": "if (backgroundSection) {\n  backgroundSection.steps.forEach(step => stepTest.call(this, step));\n}\nscenario.steps.forEach(step => stepTest.call(this, step));",
            "err": {
              "message": "Error: Step implementation missing for: I open Google page",
              "estack": "Error: Step implementation missing for: I open Google page\n    at Context.resolveAndRunStepDefinition (http://localhost:55624/__cypress/tests?p=cypress/integration/cucumber/Google.feature-527:9705:11)\n    at Context.stepTest (http://localhost:55624/__cypress/tests?p=cypress/integration/cucumber/Google.feature-527:9459:31)\n    at http://localhost:55624/__cypress/tests?p=cypress/integration/cucumber/Google.feature-527:9504:47\n    at Array.forEach (<anonymous>)\n    at Context.<anonymous> (http://localhost:55624/__cypress/tests?p=cypress/integration/cucumber/Google.feature-527:9504:22)"
            },
            "isRoot": false,
            "uuid": "7743881d-a34d-441d-8144-fd1bb853b934",
            "isHook": false,
            "skipped": false
          }
        ],
        "suites": [],
        "passes": [],
        "failures": [
          "7743881d-a34d-441d-8144-fd1bb853b934"
        ],
        "pending": [],
        "skipped": [],
        "duration": 281,
        "root": false,
        "rootEmpty": false,
        "_timeout": 2000
      }
    ],
    "passes": [],
    "failures": [],
    "pending": [],
    "skipped": [],
    "duration": 0,
    "root": true,
    "rootEmpty": true,
    "_timeout": 2000
  },
  "copyrightYear": 2019
}