<?xml version="1.0" encoding="UTF-8"?>
<testsuites name="Mocha Tests" time="0" tests="1" failures="1">
  <testsuite name="Root Suite" timestamp="2019-07-15T12:56:45" tests="0" failures="0" time="0">
  </testsuite>
  <testsuite name="Cypress Tidbits File upload Actions" timestamp="2019-07-15T12:56:45" tests="1" failures="1" time="0">
    <testcase name="Cypress Tidbits File upload Actions File upload demo" time="0" classname="File upload demo">
      <failure message="Timed out retrying: cy.trigger() failed because the center of this element is hidden from view:

&lt;input qq-button-id=&quot;13819abd-1460-42af-a859-3b3bfdb170a6&quot; title=&quot;file input&quot; multiple=&quot;&quot; type=&quot;file&quot; name=&quot;qqfile&quot; style=&quot;position: absolute; right: 0px; top: 0px; font-family: Arial; font-size: 118px; margin: 0px; padding: 0px; cursor: pointer; opacity: 0; height: 100%;&quot;&gt;

Fix this problem, or use {force: true} to disable error checking.

https://on.cypress.io/element-cannot-be-interacted-with" type="CypressError"><![CDATA[CypressError: Timed out retrying: cy.trigger() failed because the center of this element is hidden from view:

<input qq-button-id="13819abd-1460-42af-a859-3b3bfdb170a6" title="file input" multiple="" type="file" name="qqfile" style="position: absolute; right: 0px; top: 0px; font-family: Arial; font-size: 118px; margin: 0px; padding: 0px; cursor: pointer; opacity: 0; height: 100%;">

Fix this problem, or use {force: true} to disable error checking.

https://on.cypress.io/element-cannot-be-interacted-with
    at Object.cypressErr (https://fineuploader.com/__cypress/runner/cypress_runner.js:84573:11)
    at Object.throwErr (https://fineuploader.com/__cypress/runner/cypress_runner.js:84538:18)
    at Object.throwErrByPath (https://fineuploader.com/__cypress/runner/cypress_runner.js:84565:17)
    at Object.retry (https://fineuploader.com/__cypress/runner/cypress_runner.js:77812:16)
    at retryActionability (https://fineuploader.com/__cypress/runner/cypress_runner.js:69434:19)
    at tryCatcher (https://fineuploader.com/__cypress/runner/cypress_runner.js:133768:23)
    at Function.Promise.attempt.Promise.try (https://fineuploader.com/__cypress/runner/cypress_runner.js:131142:29)
    at tryFn (https://fineuploader.com/__cypress/runner/cypress_runner.js:78201:24)
    at whenStable (https://fineuploader.com/__cypress/runner/cypress_runner.js:78229:12)
    at https://fineuploader.com/__cypress/runner/cypress_runner.js:77836:16
    at tryCatcher (https://fineuploader.com/__cypress/runner/cypress_runner.js:133768:23)
    at Promise._settlePromiseFromHandler (https://fineuploader.com/__cypress/runner/cypress_runner.js:131786:31)
    at Promise._settlePromise (https://fineuploader.com/__cypress/runner/cypress_runner.js:131843:18)
    at Promise._settlePromise0 (https://fineuploader.com/__cypress/runner/cypress_runner.js:131888:10)
    at Promise._settlePromises (https://fineuploader.com/__cypress/runner/cypress_runner.js:131967:18)
    at Promise._fulfill (https://fineuploader.com/__cypress/runner/cypress_runner.js:131912:18)]]></failure>
    </testcase>
  </testsuite>
</testsuites>